{"message":"email is required","level":"error"}
{"message":"undefined is required","level":"error"}
{"message":"Playlist with id 8 created.","level":"info"}
{"message":"Playlist with id 9 created.","level":"info"}
{"message":"Playlist with id 1 created.","level":"info"}
{"message":"Playlist with id 2 created.","level":"info"}
{"message":"playlist_id is required","level":"error"}
{"message":"Playlist with id 3 created.","level":"info"}
{"message":"playlist_id is required","level":"error"}
{"message":"Playlist with id 1 created.","level":"info"}
{"message":"Playlist with id 1 created.","level":"info"}
{"message":"PlaylistRecord with id 1 created.","level":"info"}
{"message":"PlaylistRecord with id 2 created.","level":"info"}
{"message":"PlaylistRecord with id 3 created.","level":"info"}
{"message":"Playlist with id 1 created.","level":"info"}
{"message":"PlaylistRecord with id 1 created.","level":"info"}
{"message":"PlaylistRecord with id 3 created.","level":"info"}
{"message":"PlaylistRecord with id 2 created.","level":"info"}
{"message":"Playlist with id 2 created.","level":"info"}
{"message":"Playlist with id 1 created.","level":"info"}
{"message":"Playlist with id 2 created.","level":"info"}
{"message":"Playlist with id 3 created.","level":"info"}
{"message":"Playlist with id 4 created.","level":"info"}
{"message":"Playlist with id 5 created.","level":"info"}
{"message":"Playlist with id 6 created.","level":"info"}
{"message":"Playlist with id 7 created.","level":"info"}
{"message":"Playlist with id 8 created.","level":"info"}
{"message":"Playlist with id 9 created.","level":"info"}
{"message":"Playlist with id 10 created.","level":"info"}
{"message":"PlaylistRecord with id , ,  created.","level":"info"}
{"message":"Playlist with id 11 created.","level":"info"}
{"message":"Playlist with id 12 created.","level":"info"}
{"message":"Playlist with id 13 created.","level":"info"}
{"message":"Playlist with id 14 created.","level":"info"}
{"message":"Playlist with id 15 created.","level":"info"}
{"message":"Playlist with id 16 created.","level":"info"}
{"message":"Playlist with id 17 created.","level":"info"}
{"message":"Playlist with id 18 created.","level":"info"}
{"message":"Playlist with id 19 created.","level":"info"}
{"message":"Playlist with id 20 created.","level":"info"}
{"message":"PlaylistRecord with id , , ,  created.","level":"info"}
{"message":"Playlist with id 21 created.","level":"info"}
{"message":"PlaylistRecord with id  created.","level":"info"}
{"message":"Playlist with id 22 created.","level":"info"}
{"message":"PlaylistRecord with id  created.","level":"info"}
{"message":"Playlist with id 23 created.","level":"info"}
{"message":"PlaylistRecord with id  created.","level":"info"}
{"message":"Playlist with id 24 created.","level":"info"}
{"message":"PlaylistRecord with id  created.","level":"info"}
{"message":"Playlist with id 25 created.","level":"info"}
{"message":"PlaylistRecord with id  created.","level":"info"}
{"message":"Playlist with id 26 created.","level":"info"}
{"message":"PlaylistRecord with id  created.","level":"info"}
{"message":"Playlist with id 27 created.","level":"info"}
{"message":"PlaylistRecord with id  created.","level":"info"}
{"message":"Playlist with id 28 created.","level":"info"}
{"message":"PlaylistRecord with id  created.","level":"info"}
{"message":"Playlist with id 29 created.","level":"info"}
{"message":"PlaylistRecord with id  created.","level":"info"}
{"message":"Playlist with id 30 created.","level":"info"}
{"message":"Playlist with id 31 created.","level":"info"}
{"message":"PlaylistRecord with id  created.","level":"info"}
{"message":"Playlist with id 32 created.","level":"info"}
{"message":"Playlist with id 1 created.","level":"info"}
{"message":"Playlist with id 2 created.","level":"info"}
{"message":"PlaylistRecord with id  created.","level":"info"}
{"message":"Playlist with id 3 created.","level":"info"}
{"message":"PlaylistRecord with id  created.","level":"info"}
{"message":"Playlist with id 4 created.","level":"info"}
{"message":"PlaylistRecord with id  created.","level":"info"}
{"message":"Playlist with id 5 created.","level":"info"}
{"message":"PlaylistRecord with id  created.","level":"info"}
{"message":"Playlist with id 6 created.","level":"info"}
{"message":"PlaylistRecord with id  created.","level":"info"}
{"message":"Playlist with id 7 created.","level":"info"}
{"message":"Playlist with id 8 created.","level":"info"}
{"message":"Playlist with id 9 created.","level":"info"}
{"message":"Playlist with id 10 created.","level":"info"}
{"message":"Playlist with id 11 created.","level":"info"}
{"message":"Playlist with id 12 created.","level":"info"}
{"message":"Playlist with id 13 created.","level":"info"}
{"message":"PlaylistRecord with id 37 created.","level":"info"}
{"message":"PlaylistRecord with id 39 created.","level":"info"}
{"message":"PlaylistRecord with id 38 created.","level":"info"}
{"message":"Playlist with id 14 created.","level":"info"}
{"message":"PlaylistRecord with id 40 created.","level":"info"}
{"message":"PlaylistRecord with id 41 created.","level":"info"}
{"message":"PlaylistRecord with id 42 created.","level":"info"}
{"message":"Playlist with id 15 created.","level":"info"}
{"message":"PlaylistRecord with id 43 created.","level":"info"}
{"message":"PlaylistRecord with id 45 created.","level":"info"}
{"message":"PlaylistRecord with id 44 created.","level":"info"}
{"message":"Playlist with id 16 created.","level":"info"}
{"message":"PlaylistRecord with id 46 created.","level":"info"}
{"message":"PlaylistRecord with id 47 created.","level":"info"}
{"message":"PlaylistRecord with id 48 created.","level":"info"}
{"message":"Playlist with id 17 created.","level":"info"}
{"message":"PlaylistRecord with id 49 created.","level":"info"}
{"message":"PlaylistRecord with id 50 created.","level":"info"}
{"message":"PlaylistRecord with id 51 created.","level":"info"}
{"message":"Playlist with id 18 created.","level":"info"}
{"message":"PlaylistRecord with id 52 created.","level":"info"}
{"message":"Playlist with id 1 created.","level":"info"}
{"message":"PlaylistRecord with id 1 created.","level":"info"}
{"message":"Playlist with id 2 created.","level":"info"}
{"message":"PlaylistRecord with id 2 created.","level":"info"}
{"message":"Playlist with id 3 created.","level":"info"}
{"message":"PlaylistRecord with id 3 created.","level":"info"}
{"message":"Playlist with id 4 created.","level":"info"}
{"message":"PlaylistRecord with id 4 created.","level":"info"}
{"message":"PlaylistRecord with id 5 created.","level":"info"}
{"message":"Playlist with id 5 created.","level":"info"}
{"message":"PlaylistRecord with id 6 created.","level":"info"}
{"message":"Playlist with id 6 created.","level":"info"}
{"message":"PlaylistRecord with id 7 created.","level":"info"}
{"message":"PlaylistRecord with id 9 created.","level":"info"}
{"message":"PlaylistRecord with id 8 created.","level":"info"}
{"message":"Playlist with id 7 created.","level":"info"}
{"message":"PlaylistRecord with id 11 created.","level":"info"}
{"message":"PlaylistRecord with id 10 created.","level":"info"}
{"message":"Playlist with id 8 created.","level":"info"}
{"message":"PlaylistRecord with id 14 created.","level":"info"}
{"message":"PlaylistRecord with id 13 created.","level":"info"}
{"message":"PlaylistRecord with id 12 created.","level":"info"}
{"message":"Playlist with id 9 created.","level":"info"}
{"message":"PlaylistRecord with id 16 created.","level":"info"}
{"message":"PlaylistRecord with id 17 created.","level":"info"}
{"message":"PlaylistRecord with id 15 created.","level":"info"}
{"message":"Playlist with id 10 created.","level":"info"}
{"message":"PlaylistRecord with id 18 created.","level":"info"}
{"message":"PlaylistRecord with id 19 created.","level":"info"}
{"message":"PlaylistRecord with id 20 created.","level":"info"}
{"message":"Playlist with id 11 created.","level":"info"}
{"message":"PlaylistRecord with id 21 created.","level":"info"}
{"message":"PlaylistRecord with id 22 created.","level":"info"}
{"message":"Playlist with id 12 created.","level":"info"}
{"message":"PlaylistRecord with id 23 created.","level":"info"}
{"message":"PlaylistRecord with id 24 created.","level":"info"}
{"message":"Playlist with id 13 created.","level":"info"}
{"message":"PlaylistRecord with id 25 created.","level":"info"}
{"message":"PlaylistRecord with id 26 created.","level":"info"}
{"message":"PlaylistRecord with id 27 created.","level":"info"}
{"message":"Playlist with id 14 created.","level":"info"}
{"message":"PlaylistRecord with id 28 created.","level":"info"}
{"message":"PlaylistRecord with id 29 created.","level":"info"}
{"message":"PlaylistRecord with id 30 created.","level":"info"}
{"message":"Playlist with id 15 created.","level":"info"}
{"message":"PlaylistRecord with id 31 created.","level":"info"}
{"message":"PlaylistRecord with id 32 created.","level":"info"}
{"message":"Playlist with id 16 created.","level":"info"}
{"message":"PlaylistRecord with id 33 created.","level":"info"}
{"message":"Playlist with id 17 created.","level":"info"}
{"message":"PlaylistRecord with id 34 created.","level":"info"}
{"message":"PlaylistRecord with id 35 created.","level":"info"}
{"message":"Playlist with id 18 created.","level":"info"}
{"message":"PlaylistRecord with id 36 created.","level":"info"}
{"message":"PlaylistRecord with id 37 created.","level":"info"}
{"message":"PlaylistRecord with id 38 created.","level":"info"}
{"message":"Playlist with id 19 created.","level":"info"}
{"message":"PlaylistRecord with id 39 created.","level":"info"}
{"message":"PlaylistRecord with id 40 created.","level":"info"}
{"message":"PlaylistRecord with id 41 created.","level":"info"}
{"message":"Playlist with id 20 created.","level":"info"}
{"message":"PlaylistRecord with id 42 created.","level":"info"}
{"message":"PlaylistRecord with id 43 created.","level":"info"}
{"message":"PlaylistRecord with id 44 created.","level":"info"}
{"message":"Playlist with id 21 created.","level":"info"}
{"message":"PlaylistRecord with id 45 created.","level":"info"}
{"message":"PlaylistRecord with id 46 created.","level":"info"}
{"message":"PlaylistRecord with id 47 created.","level":"info"}
{"message":"Playlist with id 22 created.","level":"info"}
{"message":"PlaylistRecord with id 49 created.","level":"info"}
{"message":"PlaylistRecord with id 50 created.","level":"info"}
{"message":"PlaylistRecord with id 48 created.","level":"info"}
{"message":"Playlist with id 23 created.","level":"info"}
{"message":"PlaylistRecord with id 51 created.","level":"info"}
{"message":"PlaylistRecord with id 53 created.","level":"info"}
{"message":"PlaylistRecord with id 52 created.","level":"info"}
{"message":"Playlist with id 24 created.","level":"info"}
{"message":"PlaylistRecord with id 54 created.","level":"info"}
{"message":"PlaylistRecord with id 55 created.","level":"info"}
{"message":"PlaylistRecord with id 56 created.","level":"info"}
{"message":"Playlist with id 25 created.","level":"info"}
{"message":"PlaylistRecord with id 58 created.","level":"info"}
{"message":"PlaylistRecord with id 57 created.","level":"info"}
{"message":"PlaylistRecord with id 60 created.","level":"info"}
{"message":"PlaylistRecord with id 61 created.","level":"info"}
{"message":"PlaylistRecord with id 62 created.","level":"info"}
{"message":"PlaylistRecord with id 63 created.","level":"info"}
{"message":"PlaylistRecord with id 64 created.","level":"info"}
{"message":"PlaylistRecord with id 59 created.","level":"info"}
{"message":"PlaylistRecord with id 65 created.","level":"info"}
{"message":"PlaylistRecord with id 67 created.","level":"info"}
{"message":"PlaylistRecord with id 68 created.","level":"info"}
{"message":"PlaylistRecord with id 66 created.","level":"info"}
{"message":"PlaylistRecord with id 73 created.","level":"info"}
{"message":"PlaylistRecord with id 76 created.","level":"info"}
{"message":"PlaylistRecord with id 77 created.","level":"info"}
{"message":"PlaylistRecord with id 78 created.","level":"info"}
{"message":"PlaylistRecord with id 69 created.","level":"info"}
{"message":"PlaylistRecord with id 82 created.","level":"info"}
{"message":"PlaylistRecord with id 81 created.","level":"info"}
{"message":"PlaylistRecord with id 80 created.","level":"info"}
{"message":"PlaylistRecord with id 83 created.","level":"info"}
{"message":"PlaylistRecord with id 70 created.","level":"info"}
{"message":"PlaylistRecord with id 75 created.","level":"info"}
{"message":"PlaylistRecord with id 79 created.","level":"info"}
{"message":"PlaylistRecord with id 71 created.","level":"info"}
{"message":"PlaylistRecord with id 72 created.","level":"info"}
{"message":"PlaylistRecord with id 74 created.","level":"info"}
{"message":"Playlist with id 26 created.","level":"info"}
{"message":"PlaylistRecord with id 85 created.","level":"info"}
{"message":"PlaylistRecord with id 86 created.","level":"info"}
{"message":"PlaylistRecord with id 87 created.","level":"info"}
{"message":"PlaylistRecord with id 88 created.","level":"info"}
{"message":"PlaylistRecord with id 84 created.","level":"info"}
{"message":"Playlist with id 27 created.","level":"info"}
{"message":"PlaylistRecord with id 89 created.","level":"info"}
{"message":"PlaylistRecord with id 91 created.","level":"info"}
{"message":"PlaylistRecord with id 92 created.","level":"info"}
{"message":"PlaylistRecord with id 90 created.","level":"info"}
{"message":"PlaylistRecord with id 93 created.","level":"info"}
{"message":"PlaylistRecord with id 94 created.","level":"info"}
{"message":"Playlist with id 28 created.","level":"info"}
{"message":"PlaylistRecord with id 95 created.","level":"info"}
{"message":"PlaylistRecord with id 96 created.","level":"info"}
{"message":"Playlist with id 29 created.","level":"info"}
{"message":"PlaylistRecord with id 98 created.","level":"info"}
{"message":"PlaylistRecord with id 97 created.","level":"info"}
{"message":"Playlist with id 30 created.","level":"info"}
{"message":"PlaylistRecord with id 99 created.","level":"info"}
{"message":"Playlist with id 1 created.","level":"info"}
{"message":"Playlist with id 2 created.","level":"info"}
{"message":"Playlist with id 3 created.","level":"info"}
{"message":"Playlist with id 4 created.","level":"info"}
{"message":"Playlist with id 5 created.","level":"info"}
{"message":"Playlist with id 6 created.","level":"info"}
{"message":"Playlist with id 7 created.","level":"info"}
{"message":"Playlist with id 8 created.","level":"info"}
{"message":"Playlist with id 9 created.","level":"info"}
{"message":"Playlist with id 10 created.","level":"info"}
{"message":"Playlist with id 11 created.","level":"info"}
{"message":"Playlist with id 12 created.","level":"info"}
{"message":"Playlist with id 13 created.","level":"info"}
{"message":"Playlist with id 14 created.","level":"info"}
{"message":"Playlist with id 1 created.","level":"info"}
{"message":"Playlist with id 2 created.","level":"info"}
{"message":"Playlist with id 3 created.","level":"info"}
{"message":"Playlist with id 4 created.","level":"info"}
{"message":"Playlist with id 8 not found.","level":"error"}
{"message":"Playlist with id 5 created.","level":"info"}
{"message":"Playlist with id 7 not found.","level":"error"}
{"message":"Playlist with id 6 created.","level":"info"}
{"message":"Playlist with id 7 created.","level":"info"}
{"message":"Playlist with id 8 created.","level":"info"}
{"message":"Playlist with id 9 created.","level":"info"}
{"message":"Playlist with id 10 created.","level":"info"}
{"message":"Playlist with id 11 created.","level":"info"}
{"message":"Playlist with id 12 created.","level":"info"}
{"message":"Playlist with id 13 created.","level":"info"}
{"message":"Playlist with id 14 created.","level":"info"}
{"message":"Playlist with id 15 created.","level":"info"}
{"message":"Playlist with id 16 created.","level":"info"}
{"message":"Playlist with id 17 created.","level":"info"}
{"message":"Playlist with id 18 created.","level":"info"}
{"message":"Playlist with id 19 created.","level":"info"}
{"message":"Playlist with id 20 created.","level":"info"}
{"message":"Playlist with id 21 created.","level":"info"}
{"message":"Playlist with id 22 created.","level":"info"}
{"message":"Playlist with id 23 created.","level":"info"}
{"message":"Playlist with id 24 created.","level":"info"}
{"message":"Playlist with id 25 created.","level":"info"}
{"message":"Playlist with id 26 created.","level":"info"}
{"message":"Playlist with id 27 created.","level":"info"}
{"message":"genre_id is required","level":"error"}
{"message":"Playlist with id 28 created.","level":"info"}
{"message":"Playlist with id 29 created.","level":"info"}
{"message":"Playlist with id 30 created.","level":"info"}
{"message":"Unauthorized request to path: /api/playlists","level":"error"}
{"message":"Unauthorized request to path: /api/genres","level":"error"}
{"message":"Unauthorized request to path: /api/auth","level":"error"}
{"message":"Unauthorized request to path: /api/playlists","level":"error"}
{"message":"Unauthorized request to path: /api/genres","level":"error"}
{"message":"Unauthorized request to path: /api/auth","level":"error"}
{"message":"Unauthorized request to path: /api/playlists","level":"error"}
{"message":"Unauthorized request to path: /api/genres","level":"error"}
{"message":"Unauthorized request to path: /api/auth","level":"error"}
{"message":"Unauthorized request to path: /api/playlists","level":"error"}
{"message":"Unauthorized request to path: /api/genres","level":"error"}
{"message":"Unauthorized request to path: /api/auth","level":"error"}
{"message":"Unauthorized request to path: /api/playlists","level":"error"}
{"message":"Unauthorized request to path: /api/auth","level":"error"}
{"message":"Unauthorized request to path: /api/genres","level":"error"}
{"message":"Unauthorized request to path: /api/playlists","level":"error"}
{"message":"Unauthorized request to path: /api/genres","level":"error"}
{"message":"Unauthorized request to path: /api/auth","level":"error"}
{"message":"Unauthorized request to path: /api/playlists","level":"error"}
{"message":"Unauthorized request to path: /api/genres","level":"error"}
{"message":"Unauthorized request to path: /api/auth","level":"error"}
{"message":"Unauthorized request to path: /api/playlists","level":"error"}
{"message":"Unauthorized request to path: /api/genres","level":"error"}
{"message":"Unauthorized request to path: /api/auth","level":"error"}
{"message":"Unauthorized request to path: /api/playlists","level":"error"}
{"message":"Unauthorized request to path: /api/genres","level":"error"}
{"message":"Unauthorized request to path: /api/auth","level":"error"}
{"message":"Unauthorized request to path: /api/playlists","level":"error"}
{"message":"Unauthorized request to path: /api/genres","level":"error"}
{"message":"Unauthorized request to path: /api/auth","level":"error"}
{"message":"Unauthorized request to path: /api/playlists","level":"error"}
{"message":"Unauthorized request to path: /api/genres","level":"error"}
{"message":"Unauthorized request to path: /api/auth","level":"error"}
{"message":"Unauthorized request to path: /api/playlists","level":"error"}
{"message":"Unauthorized request to path: /api/genres","level":"error"}
{"message":"Unauthorized request to path: /api/auth","level":"error"}
{"message":"Unauthorized request to path: /api/playlists","level":"error"}
{"message":"Unauthorized request to path: /api/genres","level":"error"}
{"message":"Unauthorized request to path: /api/auth","level":"error"}
{"message":"Unauthorized request to path: /api/genres","level":"error"}
{"message":"Unauthorized request to path: /api/auth","level":"error"}
{"message":"Unauthorized request to path: /api/playlists","level":"error"}
{"message":"Unauthorized request to path: /api/playlists","level":"error"}
{"message":"Unauthorized request to path: /api/genres","level":"error"}
{"message":"Unauthorized request to path: /api/auth","level":"error"}
{"message":"Unauthorized request to path: /api/playlists","level":"error"}
{"message":"Unauthorized request to path: /api/genres","level":"error"}
{"message":"Unauthorized request to path: /api/auth","level":"error"}
{"message":"Unauthorized request to path: /api/playlists","level":"error"}
{"message":"Unauthorized request to path: /api/genres","level":"error"}
{"message":"Unauthorized request to path: /api/auth","level":"error"}
{"message":"Unauthorized request to path: /api/playlists","level":"error"}
{"message":"Unauthorized request to path: /api/auth","level":"error"}
{"message":"Unauthorized request to path: /api/genres","level":"error"}
{"message":"Unauthorized request to path: /api/playlists","level":"error"}
{"message":"Unauthorized request to path: /api/genres","level":"error"}
{"message":"Unauthorized request to path: /api/auth","level":"error"}
{"message":"Unauthorized request to path: /api/playlists","level":"error"}
{"message":"Unauthorized request to path: /api/auth","level":"error"}
{"message":"Unauthorized request to path: /api/genres","level":"error"}
{"message":"Unauthorized request to path: /api/playlists","level":"error"}
{"message":"Unauthorized request to path: /api/genres","level":"error"}
{"message":"Unauthorized request to path: /api/auth","level":"error"}
{"message":"Unauthorized request to path: /api/playlists","level":"error"}
{"message":"Unauthorized request to path: /api/genres","level":"error"}
{"message":"Unauthorized request to path: /api/auth","level":"error"}
{"message":"Playlist with id 1 not found.","level":"error"}
{"message":"Playlist with id 1 not found.","level":"error"}
{"message":"Playlist with id 1 not found.","level":"error"}
{"message":"Playlist with id 1 not found.","level":"error"}
{"message":"Playlist with id 1 not found.","level":"error"}
{"message":"Playlist with id 1 not found.","level":"error"}
{"message":"Playlist with id 1 not found.","level":"error"}
{"message":"Playlist with id 4 not found.","level":"error"}
{"message":"Playlist with id 1 created.","level":"info"}
{"message":"Playlist with id 2 created.","level":"info"}
{"message":"Playlist with id 3 created.","level":"info"}
{"message":"Unauthorized request to path: /api/playlists","level":"error"}
{"message":"Unauthorized request to path: /api/playlists/2","level":"error"}
{"message":"Unauthorized request to path: /api/auth","level":"error"}
{"message":"Unauthorized request to path: /api/genres","level":"error"}
{"message":"Unauthorized request to path: /api/genres/6","level":"error"}
{"message":"Unauthorized request to path: /api/data","level":"error"}
{"message":"Unauthorized request to path: /api/playlists","level":"error"}
{"message":"Unauthorized request to path: /api/genres","level":"error"}
{"message":"Unauthorized request to path: /api/auth","level":"error"}
{"message":"Unauthorized request to path: /api/playlists","level":"error"}
{"message":"Unauthorized request to path: /api/auth","level":"error"}
{"message":"Unauthorized request to path: /api/genres","level":"error"}
{"message":"Unauthorized request to path: /api/playlists","level":"error"}
{"message":"Unauthorized request to path: /api/genres","level":"error"}
{"message":"Unauthorized request to path: /api/auth","level":"error"}
{"message":"Unauthorized request to path: /api/playlists","level":"error"}
{"message":"Unauthorized request to path: /api/auth","level":"error"}
{"message":"Unauthorized request to path: /api/genres","level":"error"}
{"message":"Unauthorized request to path: /api/playlists","level":"error"}
{"message":"Unauthorized request to path: /api/genres","level":"error"}
{"message":"Unauthorized request to path: /api/auth","level":"error"}
{"message":"Unauthorized request to path: /api/playlists","level":"error"}
{"message":"Unauthorized request to path: /api/auth","level":"error"}
{"message":"Unauthorized request to path: /api/genres","level":"error"}
{"message":"Unauthorized request to path: /api/data/","level":"error"}
{"message":"Unauthorized request to path: /api/genres","level":"error"}
{"message":"Unauthorized request to path: /api/genres","level":"error"}
{"message":"Unauthorized request to path: /api/playlists","level":"error"}
{"message":"Unauthorized request to path: /api/auth","level":"error"}
{"message":"Unauthorized request to path: /api/playlists","level":"error"}
{"message":"Unauthorized request to path: /api/auth","level":"error"}
{"message":"Unauthorized request to path: /api/genres","level":"error"}
{"message":"Unauthorized request to path: /api/playlists","level":"error"}
{"message":"Unauthorized request to path: /api/genres","level":"error"}
{"message":"Unauthorized request to path: /api/auth","level":"error"}
{"message":"Unauthorized request to path: /api/playlists","level":"error"}
{"message":"Unauthorized request to path: /api/genres","level":"error"}
{"message":"Unauthorized request to path: /api/auth","level":"error"}
{"message":"Unauthorized request to path: /api/playlists","level":"error"}
{"message":"Unauthorized request to path: /api/genres","level":"error"}
{"message":"Unauthorized request to path: /api/auth","level":"error"}
{"message":"Unauthorized request to path: /api/playlists","level":"error"}
{"message":"Unauthorized request to path: /api/auth","level":"error"}
{"message":"Unauthorized request to path: /api/genres","level":"error"}
{"message":"Unauthorized request to path: /api/playlists","level":"error"}
{"message":"Unauthorized request to path: /api/genres","level":"error"}
{"message":"Unauthorized request to path: /api/auth","level":"error"}
{"message":"Unauthorized request to path: /api/genres","level":"error"}
{"message":"Unauthorized request to path: /api/auth","level":"error"}
{"message":"Unauthorized request to path: /api/playlists","level":"error"}
{"message":"Unauthorized request to path: /api/playlists","level":"error"}
{"message":"Unauthorized request to path: /api/genres","level":"error"}
{"message":"Unauthorized request to path: /api/auth","level":"error"}
{"message":"Unauthorized request to path: /api/genres","level":"error"}
{"message":"Unauthorized request to path: /api/auth","level":"error"}
{"message":"Unauthorized request to path: /api/playlists","level":"error"}
{"message":"Unauthorized request to path: /api/playlists","level":"error"}
{"message":"Unauthorized request to path: /api/genres","level":"error"}
{"message":"Unauthorized request to path: /api/auth","level":"error"}
{"message":"Unauthorized request to path: /api/genres","level":"error"}
{"message":"Unauthorized request to path: /api/playlists","level":"error"}
{"message":"Unauthorized request to path: /api/auth","level":"error"}
{"message":"Unauthorized request to path: /api/playlists","level":"error"}
{"message":"Unauthorized request to path: /api/genres","level":"error"}
{"message":"Unauthorized request to path: /api/auth","level":"error"}
{"message":"Unauthorized request to path: /api/playlists","level":"error"}
{"message":"Unauthorized request to path: /api/genres","level":"error"}
{"message":"Unauthorized request to path: /api/auth","level":"error"}
{"message":"Unauthorized request to path: /api/playlists","level":"error"}
{"message":"Unauthorized request to path: /api/genres","level":"error"}
{"message":"Unauthorized request to path: /api/auth","level":"error"}
{"message":"Unauthorized request to path: /api/genres","level":"error"}
{"message":"Unauthorized request to path: /api/auth","level":"error"}
{"message":"Unauthorized request to path: /api/playlists","level":"error"}
{"message":"Unauthorized request to path: /api/playlists","level":"error"}
{"message":"Unauthorized request to path: /api/genres","level":"error"}
{"message":"Unauthorized request to path: /api/auth","level":"error"}
{"message":"Unauthorized request to path: /api/playlists","level":"error"}
{"message":"Unauthorized request to path: /api/genres","level":"error"}
{"message":"Unauthorized request to path: /api/auth","level":"error"}
